c:\users\lszto\source\repos\apdfinal\apdfinal\x64\debug\rcc\qrc_apdfinal.cpp
c:\users\lszto\source\repos\apdfinal\apdfinal\x64\debug\moc\moc_apdfinal.cpp
c:\users\lszto\source\repos\apdfinal\apdfinal\x64\debug\uic\ui_apdfinal.h
c:\users\lszto\source\repos\apdfinal\apdfinal\x64\debug\uic\ui_mainwindow.h
c:\users\lszto\source\repos\apdfinal\apdfinal\x64\debug\moc\moc_mainwindow.cpp
c:\users\lszto\source\repos\anonymousoul\cpp_project_semester_3\apdfinal\x64\debug\uic\ui_apdfinal.h
c:\users\lszto\source\repos\anonymousoul\cpp_project_semester_3\apdfinal\x64\debug\uic\ui_mainwindow.h
c:\users\lszto\source\repos\anonymousoul\cpp_project_semester_3\apdfinal\x64\debug\moc\moc_apdfinal.cpp
c:\users\lszto\source\repos\anonymousoul\cpp_project_semester_3\apdfinal\x64\debug\moc\moc_mainwindow.cpp
c:\users\lszto\source\repos\anonymousoul\cpp_project_semester_3\apdfinal\x64\debug\rcc\qrc_apdfinal.cpp
c:\users\lszto\source\repos\anonymousoul\cpp_project_semester_3\apdfinal\x64\debug\uic\ui_insertwindow.h
c:\users\lszto\source\repos\anonymousoul\cpp_project_semester_3\apdfinal\x64\debug\moc\moc_insertwindow.cpp
c:\users\lszto\source\repos\anonymousoul\cpp_project_semester_3\apdfinal\x64\debug\uic\ui_select_date.h
c:\users\lszto\source\repos\anonymousoul\cpp_project_semester_3\apdfinal\x64\debug\uic\ui_widget.h
c:\users\lszto\source\repos\anonymousoul\cpp_project_semester_3\apdfinal\x64\debug\uic\ui_selectdate.h
c:\users\lszto\source\repos\anonymousoul\cpp_project_semester_3\apdfinal\x64\debug\moc\moc_selectdate.cpp
c:\users\lszto\source\repos\apdfinal\apdfinal\x64\debug\vc142.pdb
c:\users\lszto\source\repos\apdfinal\apdfinal\x64\debug\qrc_apdfinal.obj
c:\users\lszto\source\repos\apdfinal\apdfinal\x64\debug\mainwindow.obj
c:\users\lszto\source\repos\apdfinal\apdfinal\x64\debug\main.obj
c:\users\lszto\source\repos\apdfinal\apdfinal\x64\debug\apdfinal.obj
c:\users\lszto\source\repos\apdfinal\apdfinal\x64\debug\moc_mainwindow.obj
c:\users\lszto\source\repos\apdfinal\apdfinal\x64\debug\moc_apdfinal.obj
c:\users\lszto\source\repos\anonymousoul\cpp_project_semester_3\apdfinal\x64\debug\moc_apdfinal.obj
c:\users\lszto\source\repos\anonymousoul\cpp_project_semester_3\apdfinal\x64\debug\moc_mainwindow.obj
c:\users\lszto\source\repos\anonymousoul\cpp_project_semester_3\apdfinal\x64\debug\qrc_apdfinal.obj
c:\users\lszto\source\repos\anonymousoul\cpp_project_semester_3\apdfinal\x64\debug\vc142.pdb
c:\users\lszto\source\repos\anonymousoul\cpp_project_semester_3\apdfinal\x64\debug\moc_insertwindow.obj
c:\users\lszto\source\repos\anonymousoul\cpp_project_semester_3\apdfinal\x64\debug\apdfinal.obj
c:\users\lszto\source\repos\anonymousoul\cpp_project_semester_3\apdfinal\x64\debug\main.obj
c:\users\lszto\source\repos\anonymousoul\cpp_project_semester_3\apdfinal\x64\debug\insertwindow.obj
c:\users\lszto\source\repos\anonymousoul\cpp_project_semester_3\apdfinal\x64\debug\selectdate.obj
c:\users\lszto\source\repos\anonymousoul\cpp_project_semester_3\apdfinal\x64\debug\mainwindow.obj
c:\users\lszto\source\repos\anonymousoul\cpp_project_semester_3\apdfinal\x64\debug\moc_selectdate.obj
c:\users\lszto\source\repos\apdfinal\x64\debug\apdfinal.exe
c:\users\lszto\source\repos\apdfinal\x64\debug\apdfinal.ilk
c:\users\lszto\source\repos\apdfinal\x64\debug\apdfinal.pdb
c:\users\lszto\source\repos\anonymousoul\cpp_project_semester_3\x64\debug\apdfinal.exe
c:\users\lszto\source\repos\anonymousoul\cpp_project_semester_3\x64\debug\apdfinal.ilk
c:\users\lszto\source\repos\anonymousoul\cpp_project_semester_3\x64\debug\apdfinal.pdb
c:\users\lszto\source\repos\anonymousoul\cpp_project_semester_3\apdfinal\x64\debug\apdfinal.tlog\apdfinal.write.1u.tlog
c:\users\lszto\source\repos\anonymousoul\cpp_project_semester_3\apdfinal\x64\debug\apdfinal.tlog\cl.command.1.tlog
c:\users\lszto\source\repos\anonymousoul\cpp_project_semester_3\apdfinal\x64\debug\apdfinal.tlog\cl.read.1.tlog
c:\users\lszto\source\repos\anonymousoul\cpp_project_semester_3\apdfinal\x64\debug\apdfinal.tlog\cl.write.1.tlog
c:\users\lszto\source\repos\anonymousoul\cpp_project_semester_3\apdfinal\x64\debug\apdfinal.tlog\link.command.1.tlog
c:\users\lszto\source\repos\anonymousoul\cpp_project_semester_3\apdfinal\x64\debug\apdfinal.tlog\link.read.1.tlog
c:\users\lszto\source\repos\anonymousoul\cpp_project_semester_3\apdfinal\x64\debug\apdfinal.tlog\link.write.1.tlog
c:\users\lszto\source\repos\anonymousoul\cpp_project_semester_3\apdfinal\x64\debug\apdfinal.tlog\moc.read.1u.tlog
c:\users\lszto\source\repos\anonymousoul\cpp_project_semester_3\apdfinal\x64\debug\apdfinal.tlog\moc.write.1u.tlog
c:\users\lszto\source\repos\anonymousoul\cpp_project_semester_3\apdfinal\x64\debug\apdfinal.tlog\rcc.read.1u.tlog
c:\users\lszto\source\repos\anonymousoul\cpp_project_semester_3\apdfinal\x64\debug\apdfinal.tlog\rcc.write.1u.tlog
c:\users\lszto\source\repos\anonymousoul\cpp_project_semester_3\apdfinal\x64\debug\apdfinal.tlog\uic.read.1u.tlog
c:\users\lszto\source\repos\anonymousoul\cpp_project_semester_3\apdfinal\x64\debug\apdfinal.tlog\uic.write.1u.tlog
